# JRE version: Java(TM) SE Runtime Environment (8.0_45-b15) (build 1.8.0_45-b15)
# Java VM: Java HotSpot(TM) 64-Bit Server VM (25.45-b02 mixed mode windows-amd64 compressed oops)
Heap:
 PSYoungGen      total 204800K, used 69931K [0x00000000d5b80000, 0x00000000e8480000, 0x0000000100000000)
  eden space 195584K, 31% used [0x00000000d5b80000,0x00000000d96f8f20,0x00000000e1a80000)
  from space 9216K, 98% used [0x00000000e7b80000,0x00000000e8452018,0x00000000e8480000)
  to   space 29184K, 0% used [0x00000000e4b80000,0x00000000e4b80000,0x00000000e6800000)
 ParOldGen       total 108032K, used 34435K [0x0000000081200000, 0x0000000087b80000, 0x00000000d5b80000)
  object space 108032K, 31% used [0x0000000081200000,0x00000000833a0ce8,0x0000000087b80000)
 Metaspace       used 16531K, capacity 16686K, committed 17024K, reserved 1064960K
  class space    used 2074K, capacity 2169K, committed 2176K, reserved 1048576K
GC Heap History (10 events):
Event: 2.306 GC heap before
{Heap before GC invocations=3 (full 0):
 PSYoungGen      total 71680K, used 71680K [0x00000000d5b80000, 0x00000000da680000, 0x0000000100000000)
  eden space 66560K, 100% used [0x00000000d5b80000,0x00000000d9c80000,0x00000000d9c80000)
  from space 5120K, 100% used [0x00000000da180000,0x00000000da680000,0x00000000da680000)
  to   space 5120K, 0% used [0x00000000d9c80000,0x00000000d9c80000,0x00000000da180000)
 ParOldGen       total 87552K, used 12600K [0x0000000081200000, 0x0000000086780000, 0x00000000d5b80000)
  object space 87552K, 14% used [0x0000000081200000,0x0000000081e4e378,0x0000000086780000)
 Metaspace       used 16393K, capacity 16616K, committed 16768K, reserved 1064960K
  class space    used 2071K, capacity 2168K, committed 2176K, reserved 1048576K
Event: 2.325 GC heap after
Heap after GC invocations=3 (full 0):
 PSYoungGen      total 71680K, used 5120K [0x00000000d5b80000, 0x00000000de780000, 0x0000000100000000)
  eden space 66560K, 0% used [0x00000000d5b80000,0x00000000d5b80000,0x00000000d9c80000)
  from space 5120K, 100% used [0x00000000d9c80000,0x00000000da180000,0x00000000da180000)
  to   space 5120K, 0% used [0x00000000de280000,0x00000000de280000,0x00000000de780000)
 ParOldGen       total 87552K, used 32818K [0x0000000081200000, 0x0000000086780000, 0x00000000d5b80000)
  object space 87552K, 37% used [0x0000000081200000,0x000000008320c850,0x0000000086780000)
 Metaspace       used 16393K, capacity 16616K, committed 16768K, reserved 1064960K
  class space    used 2071K, capacity 2168K, committed 2176K, reserved 1048576K
}
Event: 2.874 GC heap before
{Heap before GC invocations=4 (full 0):
 PSYoungGen      total 71680K, used 71680K [0x00000000d5b80000, 0x00000000de780000, 0x0000000100000000)
  eden space 66560K, 100% used [0x00000000d5b80000,0x00000000d9c80000,0x00000000d9c80000)
  from space 5120K, 100% used [0x00000000d9c80000,0x00000000da180000,0x00000000da180000)
  to   space 5120K, 0% used [0x00000000de280000,0x00000000de280000,0x00000000de780000)
 ParOldGen       total 87552K, used 32818K [0x0000000081200000, 0x0000000086780000, 0x00000000d5b80000)
  object space 87552K, 37% used [0x0000000081200000,0x000000008320c850,0x0000000086780000)
 Metaspace       used 16445K, capacity 16616K, committed 16768K, reserved 1064960K
  class space    used 2073K, capacity 2168K, committed 2176K, reserved 1048576K
Event: 2.888 GC heap after
Heap after GC invocations=4 (full 0):
 PSYoungGen      total 138240K, used 5120K [0x00000000d5b80000, 0x00000000de780000, 0x0000000100000000)
  eden space 133120K, 0% used [0x00000000d5b80000,0x00000000d5b80000,0x00000000ddd80000)
  from space 5120K, 100% used [0x00000000de280000,0x00000000de780000,0x00000000de780000)
  to   space 5120K, 0% used [0x00000000ddd80000,0x00000000ddd80000,0x00000000de280000)
 ParOldGen       total 87552K, used 51640K [0x0000000081200000, 0x0000000086780000, 0x00000000d5b80000)
  object space 87552K, 58% used [0x0000000081200000,0x000000008446e178,0x0000000086780000)
 Metaspace       used 16445K, capacity 16616K, committed 16768K, reserved 1064960K
  class space    used 2073K, capacity 2168K, committed 2176K, reserved 1048576K
}
Event: 3.930 GC heap before
{Heap before GC invocations=5 (full 0):
 PSYoungGen      total 138240K, used 138240K [0x00000000d5b80000, 0x00000000de780000, 0x0000000100000000)
  eden space 133120K, 100% used [0x00000000d5b80000,0x00000000ddd80000,0x00000000ddd80000)
  from space 5120K, 100% used [0x00000000de280000,0x00000000de780000,0x00000000de780000)
  to   space 5120K, 0% used [0x00000000ddd80000,0x00000000ddd80000,0x00000000de280000)
 ParOldGen       total 87552K, used 51640K [0x0000000081200000, 0x0000000086780000, 0x00000000d5b80000)
  object space 87552K, 58% used [0x0000000081200000,0x000000008446e178,0x0000000086780000)
 Metaspace       used 16445K, capacity 16616K, committed 16768K, reserved 1064960K
  class space    used 2073K, capacity 2168K, committed 2176K, reserved 1048576K
Event: 3.944 GC heap after
Heap after GC invocations=5 (full 0):
 PSYoungGen      total 138240K, used 5120K [0x00000000d5b80000, 0x00000000e9780000, 0x0000000100000000)
  eden space 133120K, 0% used [0x00000000d5b80000,0x00000000d5b80000,0x00000000ddd80000)
  from space 5120K, 100% used [0x00000000ddd80000,0x00000000de280000,0x00000000de280000)
  to   space 28672K, 0% used [0x00000000e7b80000,0x00000000e7b80000,0x00000000e9780000)
 ParOldGen       total 87552K, used 65352K [0x0000000081200000, 0x0000000086780000, 0x00000000d5b80000)
  object space 87552K, 74% used [0x0000000081200000,0x00000000851d22b0,0x0000000086780000)
 Metaspace       used 16445K, capacity 16616K, committed 16768K, reserved 1064960K
  class space    used 2073K, capacity 2168K, committed 2176K, reserved 1048576K
}
Event: 3.944 GC heap before
{Heap before GC invocations=6 (full 1):
 PSYoungGen      total 138240K, used 5120K [0x00000000d5b80000, 0x00000000e9780000, 0x0000000100000000)
  eden space 133120K, 0% used [0x00000000d5b80000,0x00000000d5b80000,0x00000000ddd80000)
  from space 5120K, 100% used [0x00000000ddd80000,0x00000000de280000,0x00000000de280000)
  to   space 28672K, 0% used [0x00000000e7b80000,0x00000000e7b80000,0x00000000e9780000)
 ParOldGen       total 87552K, used 65352K [0x0000000081200000, 0x0000000086780000, 0x00000000d5b80000)
  object space 87552K, 74% used [0x0000000081200000,0x00000000851d22b0,0x0000000086780000)
 Metaspace       used 16445K, capacity 16616K, committed 16768K, reserved 1064960K
  class space    used 2073K, capacity 2168K, committed 2176K, reserved 1048576K
Event: 4.020 GC heap after
Heap after GC invocations=6 (full 1):
 PSYoungGen      total 138240K, used 0K [0x00000000d5b80000, 0x00000000e9780000, 0x0000000100000000)
  eden space 133120K, 0% used [0x00000000d5b80000,0x00000000d5b80000,0x00000000ddd80000)
  from space 5120K, 0% used [0x00000000ddd80000,0x00000000ddd80000,0x00000000de280000)
  to   space 28672K, 0% used [0x00000000e7b80000,0x00000000e7b80000,0x00000000e9780000)
 ParOldGen       total 108032K, used 34435K [0x0000000081200000, 0x0000000087b80000, 0x00000000d5b80000)
  object space 108032K, 31% used [0x0000000081200000,0x00000000833a0ce8,0x0000000087b80000)
 Metaspace       used 16445K, capacity 16616K, committed 16768K, reserved 1064960K
  class space    used 2073K, capacity 2168K, committed 2176K, reserved 1048576K
}
Event: 5.276 GC heap before
{Heap before GC invocations=7 (full 1):
 PSYoungGen      total 138240K, used 133092K [0x00000000d5b80000, 0x00000000e9780000, 0x0000000100000000)
  eden space 133120K, 99% used [0x00000000d5b80000,0x00000000ddd79058,0x00000000ddd80000)
  from space 5120K, 0% used [0x00000000ddd80000,0x00000000ddd80000,0x00000000de280000)
  to   space 28672K, 0% used [0x00000000e7b80000,0x00000000e7b80000,0x00000000e9780000)
 ParOldGen       total 108032K, used 34435K [0x0000000081200000, 0x0000000087b80000, 0x00000000d5b80000)
  object space 108032K, 31% used [0x0000000081200000,0x00000000833a0ce8,0x0000000087b80000)
 Metaspace       used 16467K, capacity 16680K, committed 17024K, reserved 1064960K
  class space    used 2073K, capacity 2168K, committed 2176K, reserved 1048576K
Event: 5.282 GC heap after
Heap after GC invocations=7 (full 1):
 PSYoungGen      total 204800K, used 9032K [0x00000000d5b80000, 0x00000000e8480000, 0x0000000100000000)
  eden space 195584K, 0% used [0x00000000d5b80000,0x00000000d5b80000,0x00000000e1a80000)
  from space 9216K, 98% used [0x00000000e7b80000,0x00000000e8452018,0x00000000e8480000)
  to   space 29184K, 0% used [0x00000000e4b80000,0x00000000e4b80000,0x00000000e6800000)
 ParOldGen       total 108032K, used 34435K [0x0000000081200000, 0x0000000087b80000, 0x00000000d5b80000)
  object space 108032K, 31% used [0x0000000081200000,0x00000000833a0ce8,0x0000000087b80000)
 Metaspace       used 16467K, capacity 16680K, committed 17024K, reserved 1064960K
  class space    used 2073K, capacity 2168K, committed 2176K, reserved 1048576K
}

